<?xml version="1.0" encoding="UTF-8"?>
<testsuite xmlns:xsi="http://www.w3.org/2001/XMLSchema-instance" xsi:noNamespaceSchemaLocation="https://maven.apache.org/surefire/maven-surefire-plugin/xsd/surefire-test-report.xsd" name="com.image.repo.LRUCacheTest" time="0.008" tests="19" errors="0" skipped="0" failures="0">
  <properties>
[...]
</properties>
  <testcase name="deleteImageNodeTailPQLRUCacheTest" classname="com.image.repo.LRUCacheTest" time="0"/>
  <testcase name="deleteImageNodeHeadQueuePQLRUCacheTest" classname="com.image.repo.LRUCacheTest" time="0"/>
  <testcase name="deleteImageNodeTailQueuePQLRUCacheTest" classname="com.image.repo.LRUCacheTest" time="0"/>
  <testcase name="addPriorityToTailSimpleLRUCacheTest" classname="com.image.repo.LRUCacheTest" time="0"/>
  <testcase name="invalidPermissionsLRUCacheTest" classname="com.image.repo.LRUCacheTest" time="0"/>
  <testcase name="addOneNodeSimpleLRUCacheTest" classname="com.image.repo.LRUCacheTest" time="0"/>
  <testcase name="deleteImageNodeHeadPQLRUCacheTest" classname="com.image.repo.LRUCacheTest" time="0"/>
  <testcase name="deleteImageNodePQLRUCacheTest" classname="com.image.repo.LRUCacheTest" time="0"/>
  <testcase name="addMultipleNodeDifferentPrioritySimpleLRUCacheTest" classname="com.image.repo.LRUCacheTest" time="0.002"/>
  <testcase name="addPriorityToHeadSimpleLRUCacheTest" classname="com.image.repo.LRUCacheTest" time="0"/>
  <testcase name="removeAllNodesLRUCacheTest" classname="com.image.repo.LRUCacheTest" time="0"/>
  <testcase name="removeTailWholePriorityLRUCacheTest" classname="com.image.repo.LRUCacheTest" time="0"/>
  <testcase name="getImageNodeUpdateLRUCacheTest" classname="com.image.repo.LRUCacheTest" time="0"/>
  <testcase name="addExisitingNodeSimpleLRUCacheTest" classname="com.image.repo.LRUCacheTest" time="0.001"/>
  <testcase name="createSimpleLRUCacheTest" classname="com.image.repo.LRUCacheTest" time="0"/>
  <testcase name="leaveEmptyLRUCacheTest" classname="com.image.repo.LRUCacheTest" time="0"/>
  <testcase name="getImageNodeDoesNotExistLRUCacheTest" classname="com.image.repo.LRUCacheTest" time="0"/>
  <testcase name="addMultipleNodesSamePrioritySimpleLRUCacheTest" classname="com.image.repo.LRUCacheTest" time="0"/>
  <testcase name="deleteImageNodeHigherPriorityLRUCacheTest" classname="com.image.repo.LRUCacheTest" time="0"/>
</testsuite>